{
  "Unit Tests": {
    "coverage": {
      "/Users/raphabarbo/turing/module_1/projects/paramorse_redo/lib/decoder.rb": [
        1,
        1,
        1,
        null,
        1,
        16,
        16,
        null,
        null,
        1,
        19,
        38,
        123,
        null,
        null,
        19,
        null,
        null,
        1,
        19,
        18,
        null,
        null,
        1,
        1,
        21,
        null,
        null,
        null,
        null,
        null
      ],
      "/Users/raphabarbo/turing/module_1/projects/paramorse_redo/lib/letter_decoder.rb": [
        1,
        null,
        1,
        1,
        1,
        null,
        1,
        127,
        null,
        null,
        1,
        1,
        null,
        null,
        null,
        null
      ],
      "/Users/raphabarbo/turing/module_1/projects/paramorse_redo/lib/encodable.rb": [
        1,
        null,
        1,
        null,
        null,
        null,
        null,
        null,
        null,
        null,
        null,
        null,
        null,
        null,
        null,
        null,
        null,
        null,
        null,
        null,
        null,
        null,
        494,
        null,
        null,
        null
      ],
      "/Users/raphabarbo/turing/module_1/projects/paramorse_redo/lib/queue.rb": [
        1,
        1,
        1,
        null,
        1,
        38,
        null,
        null,
        1,
        45,
        45,
        null,
        45,
        null,
        null,
        1,
        9,
        null,
        null,
        1,
        2,
        1,
        null,
        null,
        1,
        5,
        2,
        null,
        null,
        1,
        2,
        1,
        null,
        null,
        1,
        1,
        null,
        null,
        null,
        null
      ],
      "/Users/raphabarbo/turing/module_1/projects/paramorse_redo/test/encoder_test.rb": [
        1,
        1,
        null,
        1,
        1,
        1,
        1,
        1,
        null,
        null,
        1,
        1,
        1,
        1,
        null,
        null,
        null
      ],
      "/Users/raphabarbo/turing/module_1/projects/paramorse_redo/lib/encoder.rb": [
        null,
        1,
        1,
        null,
        1,
        1,
        null,
        1,
        7,
        7,
        361,
        null,
        null,
        null,
        null,
        null
      ],
      "/Users/raphabarbo/turing/module_1/projects/paramorse_redo/lib/letter_encoder.rb": [
        1,
        null,
        1,
        1,
        1,
        null,
        1,
        365,
        null,
        null,
        1,
        1,
        null,
        null,
        null,
        null
      ],
      "/Users/raphabarbo/turing/module_1/projects/paramorse_redo/test/file_decoder_test.rb": [
        1,
        1,
        1,
        null,
        1,
        null,
        1,
        1,
        1,
        null,
        null,
        null
      ],
      "/Users/raphabarbo/turing/module_1/projects/paramorse_redo/lib/file_decoder.rb": [
        1,
        1,
        1,
        null,
        1,
        1,
        1,
        null,
        1,
        3,
        null,
        null,
        1,
        3,
        3,
        3,
        null,
        null,
        null,
        null,
        1,
        1
      ],
      "/Users/raphabarbo/turing/module_1/projects/paramorse_redo/test/file_encoder_test.rb": [
        1,
        1,
        1,
        null,
        1,
        null,
        1,
        1,
        1,
        1,
        null,
        null,
        1,
        1,
        1,
        null,
        null,
        null
      ],
      "/Users/raphabarbo/turing/module_1/projects/paramorse_redo/lib/file_encoder.rb": [
        1,
        1,
        null,
        1,
        1,
        1,
        null,
        1,
        3,
        3,
        null,
        null,
        1,
        3,
        3,
        3,
        3,
        null,
        null,
        1,
        3,
        3,
        333,
        56,
        null,
        277,
        null,
        null,
        null,
        null,
        1,
        3,
        3,
        2,
        null,
        1,
        null,
        null,
        null,
        1,
        2,
        2,
        25,
        21,
        2,
        23,
        210,
        null,
        null,
        null,
        null,
        1,
        2,
        2,
        19,
        18,
        null,
        1,
        null,
        null,
        null,
        null,
        null,
        null
      ],
      "/Users/raphabarbo/turing/module_1/projects/paramorse_redo/test/letter_decoder_test.rb": [
        1,
        1,
        null,
        1,
        null,
        1,
        1,
        1,
        null,
        null,
        1,
        1,
        1,
        1,
        null,
        null,
        1,
        1,
        1,
        1,
        null,
        null,
        null
      ],
      "/Users/raphabarbo/turing/module_1/projects/paramorse_redo/test/letter_encoder_test.rb": [
        1,
        1,
        null,
        1,
        1,
        1,
        1,
        null,
        null,
        1,
        1,
        1,
        1,
        null,
        null,
        1,
        1,
        1,
        1,
        null,
        null,
        null
      ],
      "/Users/raphabarbo/turing/module_1/projects/paramorse_redo/test/para_decoder_test.rb": [
        1,
        1,
        null,
        1,
        null,
        1,
        1,
        1,
        null,
        null,
        null
      ],
      "/Users/raphabarbo/turing/module_1/projects/paramorse_redo/lib/para_decoder.rb": [
        1,
        1,
        null,
        1,
        1,
        1,
        null,
        1,
        1,
        null,
        null,
        1,
        1,
        null,
        null,
        null,
        null
      ],
      "/Users/raphabarbo/turing/module_1/projects/paramorse_redo/test/para_encoder_test.rb": [
        1,
        1,
        null,
        1,
        null,
        1,
        1,
        1,
        null,
        null,
        null
      ],
      "/Users/raphabarbo/turing/module_1/projects/paramorse_redo/lib/para_encoder.rb": [
        1,
        1,
        null,
        1,
        1,
        1,
        null,
        1,
        1,
        null,
        null,
        1,
        1,
        null,
        null,
        null,
        null,
        null,
        null,
        null
      ],
      "/Users/raphabarbo/turing/module_1/projects/paramorse_redo/test/queue_test.rb": [
        1,
        1,
        null,
        1,
        null,
        1,
        1,
        1,
        null,
        null,
        1,
        1,
        1,
        1,
        1,
        1,
        1,
        1,
        null,
        null,
        1,
        1,
        1,
        1,
        1,
        1,
        1,
        1,
        null,
        null,
        1,
        1,
        1,
        1,
        1,
        1,
        1,
        1,
        1,
        null,
        null,
        1,
        1,
        1,
        1,
        1,
        1,
        1,
        1,
        1,
        null,
        null,
        1,
        1,
        1,
        1,
        1,
        1,
        1,
        1,
        1,
        null,
        null,
        1,
        1,
        1,
        1,
        1,
        1,
        1,
        1,
        1,
        1,
        null,
        null,
        1,
        1,
        1,
        1,
        1,
        1,
        1,
        1,
        1,
        1,
        null,
        null,
        1,
        1,
        1,
        1,
        1,
        1,
        1,
        1,
        1,
        null,
        1,
        1,
        1,
        1,
        null,
        null,
        1,
        1,
        1,
        1,
        1,
        1,
        1,
        1,
        1,
        1,
        1,
        1,
        null,
        null,
        null
      ],
      "/Users/raphabarbo/turing/module_1/projects/paramorse_redo/test/streamer_test.rb": [
        1,
        1,
        1,
        1,
        1,
        null,
        null,
        1,
        null,
        1,
        1,
        1,
        1,
        1,
        null,
        null,
        1,
        1,
        1,
        1,
        1,
        1,
        1,
        1,
        1,
        1,
        1,
        1,
        1,
        1,
        1,
        1,
        1,
        1,
        1,
        1,
        null,
        null,
        null,
        1,
        1,
        1,
        1,
        1,
        1,
        1,
        1,
        1,
        1,
        1,
        1,
        null,
        null,
        1,
        1,
        1,
        1,
        1,
        1,
        1,
        1,
        null,
        null,
        1,
        1,
        1,
        1,
        1,
        1,
        1,
        1,
        1,
        1,
        1,
        1,
        1,
        1,
        1,
        1,
        1,
        null,
        null,
        1,
        1,
        1,
        1,
        1,
        1,
        1,
        1,
        1,
        1,
        1,
        1,
        1,
        1,
        1,
        1,
        1,
        1,
        1,
        1,
        1,
        1,
        1,
        1,
        1,
        1,
        1,
        1,
        1,
        1,
        1,
        1,
        1,
        1,
        1,
        1,
        1,
        1,
        1,
        1,
        1,
        1,
        1,
        1,
        1,
        null,
        null,
        1,
        1,
        1,
        1,
        1,
        1,
        null,
        null,
        1,
        1,
        1,
        1,
        1,
        1,
        null,
        null,
        1,
        1,
        1,
        1,
        1,
        1,
        1,
        1,
        null,
        null,
        1,
        1,
        1,
        1,
        1,
        1,
        1,
        1,
        1,
        1,
        null,
        1,
        1,
        null,
        null,
        null
      ],
      "/Users/raphabarbo/turing/module_1/projects/paramorse_redo/lib/streamer.rb": [
        1,
        1,
        1,
        1,
        null,
        1,
        1,
        1,
        null,
        1,
        10,
        10,
        10,
        null,
        null,
        1,
        103,
        null,
        null,
        1,
        6,
        1,
        null,
        5,
        5,
        null,
        null,
        null,
        1,
        5,
        null,
        13,
        13,
        13,
        7,
        null,
        5,
        null,
        null,
        1,
        5,
        2,
        3,
        3,
        null,
        null,
        null,
        1,
        3,
        1,
        null,
        2,
        2,
        null,
        null,
        null,
        null,
        null
      ]
    },
    "timestamp": 1468489482
  },
  "RSpec": {
    "coverage": {
      "/Users/raphabarbo/turing/module_1/projects/paramorse_redo/lib/decoder.rb": [
        1,
        null,
        1,
        1,
        null,
        1,
        13,
        13,
        null,
        null,
        1,
        18,
        18,
        29,
        null,
        null,
        18,
        null,
        null,
        1,
        18,
        17,
        null,
        null,
        1,
        1,
        2,
        null,
        null,
        null,
        1,
        2,
        null,
        null,
        1,
        3,
        null,
        null,
        null,
        null
      ],
      "/Users/raphabarbo/turing/module_1/projects/paramorse_redo/lib/letter_decoder.rb": [
        1,
        null,
        1,
        null,
        1,
        1,
        null,
        1,
        33,
        null,
        null,
        1,
        1,
        null,
        null,
        null,
        null
      ],
      "/Users/raphabarbo/turing/module_1/projects/paramorse_redo/lib/encodable.rb": [
        1,
        null,
        1,
        null,
        null,
        null,
        null,
        null,
        null,
        null,
        null,
        null,
        null,
        null,
        null,
        null,
        null,
        null,
        null,
        null,
        null,
        null,
        65,
        null,
        null,
        null
      ],
      "/Users/raphabarbo/turing/module_1/projects/paramorse_redo/lib/queue.rb": [
        1,
        null,
        1,
        1,
        null,
        1,
        35,
        null,
        null,
        1,
        66,
        66,
        null,
        66,
        null,
        null,
        1,
        11,
        null,
        null,
        1,
        2,
        1,
        null,
        null,
        1,
        5,
        2,
        null,
        null,
        1,
        4,
        3,
        null,
        null,
        1,
        1,
        null,
        null,
        null,
        null
      ],
      "/Users/raphabarbo/turing/module_1/projects/paramorse_redo/test/encoder_test.rb": [
        1,
        1,
        1,
        null,
        1,
        1,
        1,
        1,
        1,
        null,
        null,
        1,
        1,
        1,
        1,
        null,
        null,
        null
      ],
      "/Users/raphabarbo/turing/module_1/projects/paramorse_redo/lib/encoder.rb": [
        1,
        1,
        null,
        1,
        4,
        null,
        26,
        4,
        null,
        null,
        null,
        null
      ],
      "/Users/raphabarbo/turing/module_1/projects/paramorse_redo/lib/paramorse.rb": [
        1,
        1,
        1,
        1,
        1,
        1,
        1,
        null,
        1,
        null,
        null
      ],
      "/Users/raphabarbo/turing/module_1/projects/paramorse_redo/lib/letter_encoder.rb": [
        1,
        null,
        1,
        null,
        1,
        1,
        null,
        1,
        30,
        null,
        null,
        1,
        1,
        null,
        null,
        null,
        null
      ],
      "/Users/raphabarbo/turing/module_1/projects/paramorse_redo/lib/stream_decoder.rb": [
        1,
        null,
        1,
        null,
        1,
        1,
        1,
        null,
        1,
        6,
        6,
        6,
        null,
        null,
        1,
        85,
        null,
        null,
        1,
        5,
        5,
        null,
        13,
        13,
        13,
        7,
        null,
        5,
        null,
        null,
        1,
        5,
        2,
        3,
        3,
        null,
        null,
        null,
        null,
        null
      ],
      "/Users/raphabarbo/turing/module_1/projects/paramorse_redo/test/file_decoder_test.rb": [
        1,
        1,
        1,
        null,
        1,
        null,
        1,
        1,
        1,
        null,
        null,
        null
      ],
      "/Users/raphabarbo/turing/module_1/projects/paramorse_redo/lib/file_decoder.rb": [
        1,
        null,
        1,
        null,
        1,
        1,
        null,
        1,
        2,
        null,
        null,
        1,
        2,
        2,
        2,
        null,
        null,
        null,
        null,
        null,
        1,
        1
      ],
      "/Users/raphabarbo/turing/module_1/projects/paramorse_redo/test/file_encoder_test.rb": [
        1,
        1,
        1,
        null,
        1,
        null,
        1,
        1,
        1,
        1,
        null,
        null,
        null
      ],
      "/Users/raphabarbo/turing/module_1/projects/paramorse_redo/lib/file_encoder.rb": [
        1,
        null,
        1,
        null,
        1,
        1,
        null,
        1,
        2,
        null,
        null,
        1,
        2,
        2,
        2,
        null,
        null,
        null,
        null,
        null,
        1,
        1
      ],
      "/Users/raphabarbo/turing/module_1/projects/paramorse_redo/test/helper_test.rb": [
        1,
        1,
        1,
        1
      ],
      "/Users/raphabarbo/turing/module_1/projects/paramorse_redo/test/letter_decoder_test.rb": [
        1,
        1,
        null,
        1,
        null,
        1,
        1,
        1,
        null,
        null,
        1,
        1,
        1,
        1,
        null,
        null,
        1,
        1,
        1,
        1,
        null,
        null,
        null
      ],
      "/Users/raphabarbo/turing/module_1/projects/paramorse_redo/test/letter_encoder_test.rb": [
        1,
        1,
        null,
        1,
        1,
        1,
        1,
        null,
        null,
        1,
        1,
        1,
        1,
        null,
        null,
        1,
        1,
        1,
        1,
        null,
        null,
        null
      ],
      "/Users/raphabarbo/turing/module_1/projects/paramorse_redo/test/queue_test.rb": [
        1,
        1,
        null,
        1,
        null,
        1,
        1,
        1,
        null,
        null,
        1,
        1,
        1,
        1,
        1,
        1,
        1,
        1,
        null,
        null,
        1,
        1,
        1,
        1,
        1,
        1,
        1,
        1,
        null,
        null,
        1,
        1,
        1,
        1,
        1,
        1,
        1,
        1,
        1,
        null,
        null,
        1,
        1,
        1,
        1,
        1,
        1,
        1,
        1,
        1,
        null,
        null,
        1,
        1,
        1,
        1,
        1,
        1,
        1,
        1,
        1,
        null,
        null,
        1,
        1,
        1,
        1,
        1,
        1,
        1,
        1,
        1,
        1,
        null,
        null,
        1,
        1,
        1,
        1,
        1,
        1,
        1,
        1,
        1,
        1,
        null,
        null,
        1,
        1,
        1,
        1,
        1,
        1,
        1,
        1,
        1,
        null,
        1,
        1,
        1,
        1,
        null,
        null,
        1,
        1,
        1,
        1,
        1,
        1,
        1,
        1,
        1,
        1,
        1,
        1,
        null,
        null,
        null
      ],
      "/Users/raphabarbo/turing/module_1/projects/paramorse_redo/test/stream_decoder_test.rb": [
        1,
        1,
        1,
        1,
        1,
        null,
        null,
        1,
        null,
        1,
        1,
        1,
        1,
        1,
        null,
        null,
        1,
        1,
        1,
        1,
        1,
        1,
        1,
        1,
        1,
        1,
        1,
        1,
        1,
        1,
        1,
        1,
        1,
        1,
        1,
        1,
        null,
        null,
        null,
        1,
        1,
        1,
        1,
        1,
        1,
        1,
        1,
        1,
        1,
        1,
        1,
        null,
        null,
        1,
        1,
        1,
        1,
        1,
        1,
        1,
        1,
        null,
        null,
        1,
        1,
        1,
        1,
        1,
        1,
        1,
        1,
        1,
        1,
        1,
        1,
        1,
        1,
        1,
        1,
        1,
        null,
        null,
        1,
        1,
        1,
        1,
        1,
        1,
        1,
        1,
        1,
        1,
        1,
        1,
        1,
        1,
        1,
        1,
        1,
        1,
        1,
        1,
        1,
        1,
        1,
        1,
        1,
        1,
        1,
        1,
        1,
        1,
        1,
        1,
        1,
        1,
        1,
        1,
        1,
        1,
        1,
        1,
        1,
        1,
        1,
        1,
        1,
        null,
        null,
        null
      ]
    },
    "timestamp": 1468350338
  }
}
